This is cutadapt 5.0 with Python 3.12.12
Command line parameters: -j 6 -A AGATCGGAAGAGCGTCGTGT;min_overlap=6;max_error_rate=0.1 -A AGATCGGAAGAGCGTCGTGT;min_overlap=6;max_error_rate=0.1 -a GTTTAATTGAGTTGTCATATGT;min_overlap=6;max_error_rate=0.1 -a ATACCGTTATTAACATATGACAACTCAA;min_overlap=6;max_error_rate=0.1 -o 01-trimming/293T_SpRY_Cas9_1620_GSPplus_S76_S84_R1.ODN.UMI.trimmed.fastq.gz -p 01-trimming/293T_SpRY_Cas9_1620_GSPplus_S76_S84_R2.ODN.UMI.trimmed.fastq.gz 01-trimming/293T_SpRY_Cas9_1620_GSPplus_S76_S84_R1.ODN.UMI.fastq.gz 01-trimming/293T_SpRY_Cas9_1620_GSPplus_S76_S84_R2.ODN.UMI.fastq.gz
Processing paired-end reads on 6 cores ...

=== Summary ===

Total read pairs processed:            171,724
  Read 1 with adapter:                 121,690 (70.9%)
  Read 2 with adapter:                       9 (0.0%)
Pairs written (passing filters):       171,724 (100.0%)

Total basepairs processed:    43,903,933 bp
  Read 1:    25,930,324 bp
  Read 2:    17,973,609 bp
Total written (filtered):     34,374,697 bp (78.3%)
  Read 1:    16,401,144 bp
  Read 2:    17,973,553 bp

=== First read: Adapter 1 ===

Sequence: GTTTAATTGAGTTGTCATATGT; Type: regular 3'; Length: 22; Trimmed: 120682 times

Minimum overlap: 6
No. of allowed errors:
1-9 bp: 0; 10-19 bp: 1; 20-22 bp: 2

Bases preceding removed adapters:
  A: 20.5%
  C: 21.1%
  G: 19.5%
  T: 35.8%
  none/other: 3.1%

Overview of removed sequences
length	count	expect	max.err	error counts
6	587	41.9	0	587
7	971	10.5	0	971
8	657	2.6	0	657
9	368	0.7	0	368
10	774	0.2	1	757 17
11	492	0.0	1	402 90
12	798	0.0	1	731 67
13	961	0.0	1	924 37
14	1117	0.0	1	994 123
15	559	0.0	1	549 10
16	1106	0.0	1	1052 54
17	1070	0.0	1	1039 31
18	888	0.0	1	865 23
19	776	0.0	1	754 22
20	408	0.0	2	391 12 5
21	1015	0.0	2	839 155 21
22	769	0.0	2	740 14 15
23	1188	0.0	2	1153 28 7
24	547	0.0	2	537 7 3
25	999	0.0	2	948 12 39
26	923	0.0	2	901 18 4
27	1010	0.0	2	971 28 11
28	1097	0.0	2	1063 26 8
29	823	0.0	2	800 15 8
30	1116	0.0	2	1074 31 11
31	961	0.0	2	943 11 7
32	781	0.0	2	762 17 2
33	839	0.0	2	786 39 14
34	1136	0.0	2	1111 18 7
35	952	0.0	2	933 16 3
36	823	0.0	2	782 33 8
37	1260	0.0	2	1221 34 5
38	550	0.0	2	536 8 6
39	694	0.0	2	677 6 11
40	597	0.0	2	587 6 4
41	872	0.0	2	842 23 7
42	1105	0.0	2	1072 25 8
43	1160	0.0	2	1136 17 7
44	625	0.0	2	598 21 6
45	742	0.0	2	723 15 4
46	781	0.0	2	753 16 12
47	984	0.0	2	963 14 7
48	565	0.0	2	548 14 3
49	813	0.0	2	796 12 5
50	915	0.0	2	890 22 3
51	810	0.0	2	790 15 5
52	896	0.0	2	870 22 4
53	742	0.0	2	717 20 5
54	927	0.0	2	899 21 7
55	944	0.0	2	911 26 7
56	547	0.0	2	532 14 1
57	981	0.0	2	956 18 7
58	1024	0.0	2	924 30 70
59	1319	0.0	2	1269 35 15
60	1279	0.0	2	1242 28 9
61	1435	0.0	2	1401 29 5
62	422	0.0	2	399 15 8
63	944	0.0	2	862 62 20
64	1194	0.0	2	1145 37 12
65	1006	0.0	2	977 20 9
66	701	0.0	2	669 23 9
67	1015	0.0	2	985 25 5
68	1095	0.0	2	1075 16 4
69	1030	0.0	2	1009 16 5
70	936	0.0	2	913 20 3
71	822	0.0	2	798 17 7
72	1346	0.0	2	1309 28 9
73	1092	0.0	2	1061 26 5
74	997	0.0	2	973 20 4
75	1150	0.0	2	1030 118 2
76	728	0.0	2	711 14 3
77	1263	0.0	2	1232 23 8
78	980	0.0	2	952 24 4
79	654	0.0	2	639 12 3
80	574	0.0	2	548 25 1
81	723	0.0	2	698 16 9
82	1228	0.0	2	1183 34 11
83	1002	0.0	2	973 21 8
84	464	0.0	2	451 10 3
85	735	0.0	2	715 15 5
86	450	0.0	2	441 9
87	703	0.0	2	688 12 3
88	947	0.0	2	912 26 9
89	614	0.0	2	570 39 5
90	622	0.0	2	612 9 1
91	791	0.0	2	771 16 4
92	544	0.0	2	525 12 7
93	637	0.0	2	626 8 3
94	970	0.0	2	952 12 6
95	777	0.0	2	762 12 3
96	786	0.0	2	762 19 5
97	639	0.0	2	633 5 1
98	299	0.0	2	294 5
99	681	0.0	2	668 9 4
100	601	0.0	2	589 8 4
101	678	0.0	2	646 24 8
102	524	0.0	2	518 5 1
103	468	0.0	2	460 5 3
104	627	0.0	2	608 17 2
105	484	0.0	2	475 7 2
106	535	0.0	2	527 6 2
107	337	0.0	2	330 5 2
108	620	0.0	2	604 6 10
109	432	0.0	2	422 8 2
110	494	0.0	2	482 11 1
111	544	0.0	2	525 14 5
112	346	0.0	2	342 4
113	400	0.0	2	393 6 1
114	307	0.0	2	297 10
115	420	0.0	2	401 13 6
116	414	0.0	2	407 5 2
117	326	0.0	2	308 18
118	330	0.0	2	328 2
119	301	0.0	2	297 3 1
120	491	0.0	2	459 30 2
121	487	0.0	2	475 9 3
122	306	0.0	2	299 5 2
123	333	0.0	2	326 3 4
124	421	0.0	2	414 6 1
125	1109	0.0	2	1081 18 10
126	358	0.0	2	354 4
127	861	0.0	2	846 12 3
128	319	0.0	2	311 5 3
129	2421	0.0	2	2362 54 5
130	5681	0.0	2	5419 244 18
131	279	0.0	2	277 2
132	876	0.0	2	862 12 2
133	180	0.0	2	175 3 2
134	646	0.0	2	587 59
135	365	0.0	2	361 3 1
136	335	0.0	2	330 3 2
137	1349	0.0	2	1336 11 2
138	295	0.0	2	294 1
139	418	0.0	2	412 6
140	293	0.0	2	282 6 5
141	262	0.0	2	259 2 1
142	856	0.0	2	843 11 2
143	88	0.0	2	87 1
144	1295	0.0	2	1281 9 5
145	3097	0.0	2	3063 32 2
146	623	0.0	2	617 4 2
147	828	0.0	2	822 6
148	252	0.0	2	250 2
149	1912	0.0	2	1786 36 90
150	71	0.0	2	45 25 1
151	3748	0.0	2	3503 217 28


=== First read: Adapter 2 ===

Sequence: ATACCGTTATTAACATATGACAACTCAA; Type: regular 3'; Length: 28; Trimmed: 1008 times

Minimum overlap: 6
No. of allowed errors:
1-9 bp: 0; 10-19 bp: 1; 20-28 bp: 2

Bases preceding removed adapters:
  A: 6.7%
  C: 37.8%
  G: 13.8%
  T: 41.7%
  none/other: 0.0%

Overview of removed sequences
length	count	expect	max.err	error counts
6	1	41.9	0	1
7	2	10.5	0	2
9	1	0.7	0	0 1
10	1	0.2	1	1
15	39	0.0	1	39
50	89	0.0	2	87 1 1
61	3	0.0	2	0 3
66	168	0.0	2	167 1
76	1	0.0	2	0 0 1
78	101	0.0	2	99 2
81	6	0.0	2	1 0 5
82	61	0.0	2	0 2 59
89	1	0.0	2	1
95	13	0.0	2	13
111	40	0.0	2	39 0 1
115	54	0.0	2	1 50 3
117	17	0.0	2	0 17
129	4	0.0	2	4
130	1	0.0	2	0 0 1
132	2	0.0	2	2
142	65	0.0	2	63 2
145	13	0.0	2	13
146	1	0.0	2	1
147	71	0.0	2	70 1
148	156	0.0	2	104 39 13
149	97	0.0	2	95 2


=== Second read: Adapter 3 ===

Sequence: AGATCGGAAGAGCGTCGTGT; Type: regular 3'; Length: 20; Trimmed: 9 times

Minimum overlap: 6
No. of allowed errors:
1-9 bp: 0; 10-19 bp: 1; 20 bp: 2

Bases preceding removed adapters:
  A: 0.0%
  C: 11.1%
  G: 0.0%
  T: 88.9%
  none/other: 0.0%

Overview of removed sequences
length	count	expect	max.err	error counts
6	7	41.9	0	7
7	2	10.5	0	2


=== Second read: Adapter 4 ===

Sequence: AGATCGGAAGAGCGTCGTGT; Type: regular 3'; Length: 20; Trimmed: 0 times
