This is cutadapt 5.0 with Python 3.12.12
Command line parameters: -j 6 -G negative=TTGAGTTGTCATATGTTAATAACGGTAT;max_error_rate=0;rightmost -G positive=ACATATGACAACTCAATTAAAC;max_error_rate=0;rightmost --discard-untrimmed --rename={id}_{r2.adapter_name} {comment} -o 01-trimming/293T_SpRY_Cas9_1620_GSPplus_S76_S84_R1.ODN.UMI.fastq.gz -p 01-trimming/293T_SpRY_Cas9_1620_GSPplus_S76_S84_R2.ODN.UMI.fastq.gz 01-trimming/293T_SpRY_Cas9_1620_GSPplus_S76_S84_R1.UMI.fastq.gz 01-trimming/293T_SpRY_Cas9_1620_GSPplus_S76_S84_R2.UMI.fastq.gz
Processing paired-end reads on 6 cores ...

=== Summary ===

Total read pairs processed:            213,779
  Read 2 with adapter:                 171,724 (80.3%)

== Read fate breakdown ==
Pairs discarded as untrimmed:           42,055 (19.7%)
Pairs written (passing filters):       171,724 (80.3%)

Total basepairs processed:    62,423,468 bp
  Read 1:    32,280,629 bp
  Read 2:    30,142,839 bp
Total written (filtered):     43,903,933 bp (70.3%)
  Read 1:    25,930,324 bp
  Read 2:    17,973,609 bp

=== Second read: Adapter negative ===

Sequence: TTGAGTTGTCATATGTTAATAACGGTAT; Type: rightmost 5'; Length: 28; Trimmed: 800 times

Minimum overlap: 3
No. of allowed errors:
1-28 bp: 0

Overview of removed sequences
length	count	expect	max.err	error counts
3	16	3340.3	0	16
5	1	208.8	0	1
6	8	52.2	0	8
7	14	13.0	0	14
32	4	0.0	0	4
57	1	0.0	0	1
65	4	0.0	0	4
66	190	0.0	0	190
80	2	0.0	0	2
81	17	0.0	0	17
90	1	0.0	0	1
96	3	0.0	0	3
98	1	0.0	0	1
99	16	0.0	0	16
100	391	0.0	0	391
101	2	0.0	0	2
121	1	0.0	0	1
122	81	0.0	0	81
123	1	0.0	0	1
127	1	0.0	0	1
128	10	0.0	0	10
130	6	0.0	0	6
133	2	0.0	0	2
134	27	0.0	0	27


=== Second read: Adapter positive ===

Sequence: ACATATGACAACTCAATTAAAC; Type: rightmost 5'; Length: 22; Trimmed: 170924 times

Minimum overlap: 3
No. of allowed errors:
1-22 bp: 0

Overview of removed sequences
length	count	expect	max.err	error counts
3	135	3340.3	0	135
4	24	835.1	0	24
25	3	0.0	0	3
26	8	0.0	0	8
27	10	0.0	0	10
28	40	0.0	0	40
29	43	0.0	0	43
30	134	0.0	0	134
31	2207	0.0	0	2207
32	149766	0.0	0	149766
33	776	0.0	0	776
34	2	0.0	0	2
49	1	0.0	0	1
50	5	0.0	0	5
51	141	0.0	0	141
52	77	0.0	0	77
53	1	0.0	0	1
54	48	0.0	0	48
55	67	0.0	0	67
56	26	0.0	0	26
57	124	0.0	0	124
58	41	0.0	0	41
59	473	0.0	0	473
60	208	0.0	0	208
61	241	0.0	0	241
62	430	0.0	0	430
63	26	0.0	0	26
64	194	0.0	0	194
65	690	0.0	0	690
66	11243	0.0	0	11243
67	91	0.0	0	91
68	4	0.0	0	4
69	111	0.0	0	111
70	2	0.0	0	2
72	16	0.0	0	16
74	17	0.0	0	17
75	7	0.0	0	7
76	24	0.0	0	24
77	3	0.0	0	3
80	1	0.0	0	1
81	9	0.0	0	9
82	2	0.0	0	2
83	4	0.0	0	4
84	43	0.0	0	43
85	4	0.0	0	4
86	195	0.0	0	195
87	7	0.0	0	7
88	29	0.0	0	29
89	53	0.0	0	53
91	56	0.0	0	56
92	3	0.0	0	3
93	10	0.0	0	10
94	10	0.0	0	10
95	39	0.0	0	39
96	187	0.0	0	187
97	28	0.0	0	28
98	120	0.0	0	120
99	149	0.0	0	149
100	2287	0.0	0	2287
101	51	0.0	0	51
102	1	0.0	0	1
105	1	0.0	0	1
108	78	0.0	0	78
113	5	0.0	0	5
114	1	0.0	0	1
115	4	0.0	0	4
116	1	0.0	0	1
117	45	0.0	0	45
119	3	0.0	0	3
121	2	0.0	0	2
128	1	0.0	0	1
131	1	0.0	0	1
132	3	0.0	0	3
134	32	0.0	0	32
