This is cutadapt 5.0 with Python 3.12.12
Command line parameters: -j 6 -G negative=TTGAGTTGTCATATGTTAATAACGGTAT;max_error_rate=0;rightmost -G positive=ACATATGACAACTCAATTAAAC;max_error_rate=0;rightmost --discard-untrimmed --rename={id}_{r2.adapter_name} {comment} -o 01-trimming/293T_SpRY_Cas9_dsODN_only_GSPneg_S81_S89_R1.ODN.UMI.fastq.gz -p 01-trimming/293T_SpRY_Cas9_dsODN_only_GSPneg_S81_S89_R2.ODN.UMI.fastq.gz 01-trimming/293T_SpRY_Cas9_dsODN_only_GSPneg_S81_S89_R1.UMI.fastq.gz 01-trimming/293T_SpRY_Cas9_dsODN_only_GSPneg_S81_S89_R2.UMI.fastq.gz
Processing paired-end reads on 6 cores ...

=== Summary ===

Total read pairs processed:            257,354
  Read 2 with adapter:                 188,665 (73.3%)

== Read fate breakdown ==
Pairs discarded as untrimmed:           68,689 (26.7%)
Pairs written (passing filters):       188,665 (73.3%)

Total basepairs processed:    75,147,368 bp
  Read 1:    38,860,454 bp
  Read 2:    36,286,914 bp
Total written (filtered):     48,258,780 bp (64.2%)
  Read 1:    28,488,415 bp
  Read 2:    19,770,365 bp

=== Second read: Adapter negative ===

Sequence: TTGAGTTGTCATATGTTAATAACGGTAT; Type: rightmost 5'; Length: 28; Trimmed: 188622 times

Minimum overlap: 3
No. of allowed errors:
1-28 bp: 0

Overview of removed sequences
length	count	expect	max.err	error counts
3	123	4021.2	0	123
5	17	251.3	0	17
20	1	0.0	0	1
21	1	0.0	0	1
22	3	0.0	0	3
23	5	0.0	0	5
25	2	0.0	0	2
26	9	0.0	0	9
27	14	0.0	0	14
28	14	0.0	0	14
29	24	0.0	0	24
30	86	0.0	0	86
31	1175	0.0	0	1175
32	165357	0.0	0	165357
33	647	0.0	0	647
34	3	0.0	0	3
53	1	0.0	0	1
57	2	0.0	0	2
58	6	0.0	0	6
59	145	0.0	0	145
60	30	0.0	0	30
61	217	0.0	0	217
62	874	0.0	0	874
63	115	0.0	0	115
64	219	0.0	0	219
65	886	0.0	0	886
66	15621	0.0	0	15621
67	148	0.0	0	148
68	193	0.0	0	193
69	37	0.0	0	37
70	29	0.0	0	29
71	77	0.0	0	77
72	3	0.0	0	3
73	1	0.0	0	1
74	31	0.0	0	31
82	29	0.0	0	29
85	1	0.0	0	1
86	56	0.0	0	56
87	3	0.0	0	3
88	3	0.0	0	3
89	14	0.0	0	14
90	121	0.0	0	121
91	26	0.0	0	26
92	10	0.0	0	10
93	90	0.0	0	90
94	104	0.0	0	104
95	139	0.0	0	139
96	73	0.0	0	73
97	35	0.0	0	35
98	61	0.0	0	61
99	221	0.0	0	221
100	1094	0.0	0	1094
101	64	0.0	0	64
102	6	0.0	0	6
103	56	0.0	0	56
104	6	0.0	0	6
105	5	0.0	0	5
106	86	0.0	0	86
107	2	0.0	0	2
108	23	0.0	0	23
110	5	0.0	0	5
111	5	0.0	0	5
113	1	0.0	0	1
114	4	0.0	0	4
115	33	0.0	0	33
123	1	0.0	0	1
125	1	0.0	0	1
126	9	0.0	0	9
127	6	0.0	0	6
131	3	0.0	0	3
132	8	0.0	0	8
133	5	0.0	0	5
134	96	0.0	0	96
135	1	0.0	0	1


=== Second read: Adapter positive ===

Sequence: ACATATGACAACTCAATTAAAC; Type: rightmost 5'; Length: 22; Trimmed: 43 times

Minimum overlap: 3
No. of allowed errors:
1-22 bp: 0

Overview of removed sequences
length	count	expect	max.err	error counts
32	21	0.0	0	21
66	1	0.0	0	1
77	14	0.0	0	14
87	1	0.0	0	1
88	1	0.0	0	1
99	2	0.0	0	2
102	1	0.0	0	1
103	1	0.0	0	1
123	1	0.0	0	1
