This is cutadapt 5.0 with Python 3.12.12
Command line parameters: -j 6 -A AGATCGGAAGAGCGTCGTGT;min_overlap=6;max_error_rate=0.1 -A AGATCGGAAGAGCGTCGTGT;min_overlap=6;max_error_rate=0.1 -a GTTTAATTGAGTTGTCATATGT;min_overlap=6;max_error_rate=0.1 -a ATACCGTTATTAACATATGACAACTCAA;min_overlap=6;max_error_rate=0.1 -o 01-trimming/293T_SpRY_Cas9_dsODN_only_GSPplus_S78_S86_R1.ODN.UMI.trimmed.fastq.gz -p 01-trimming/293T_SpRY_Cas9_dsODN_only_GSPplus_S78_S86_R2.ODN.UMI.trimmed.fastq.gz 01-trimming/293T_SpRY_Cas9_dsODN_only_GSPplus_S78_S86_R1.ODN.UMI.fastq.gz 01-trimming/293T_SpRY_Cas9_dsODN_only_GSPplus_S78_S86_R2.ODN.UMI.fastq.gz
Processing paired-end reads on 6 cores ...

=== Summary ===

Total read pairs processed:            251,511
  Read 1 with adapter:                 232,906 (92.6%)
  Read 2 with adapter:                      20 (0.0%)
Pairs written (passing filters):       251,511 (100.0%)

Total basepairs processed:    63,861,362 bp
  Read 1:    37,978,161 bp
  Read 2:    25,883,201 bp
Total written (filtered):     35,988,737 bp (56.4%)
  Read 1:    10,105,663 bp
  Read 2:    25,883,074 bp

=== First read: Adapter 1 ===

Sequence: GTTTAATTGAGTTGTCATATGT; Type: regular 3'; Length: 22; Trimmed: 229466 times

Minimum overlap: 6
No. of allowed errors:
1-9 bp: 0; 10-19 bp: 1; 20-22 bp: 2

Bases preceding removed adapters:
  A: 9.9%
  C: 30.6%
  G: 5.8%
  T: 48.9%
  none/other: 4.8%

Overview of removed sequences
length	count	expect	max.err	error counts
6	409	61.4	0	409
7	151	15.4	0	151
8	250	3.8	0	250
9	149	1.0	0	149
10	236	0.2	1	225 11
11	287	0.1	1	260 27
12	431	0.0	1	417 14
13	347	0.0	1	342 5
14	334	0.0	1	315 19
15	277	0.0	1	266 11
16	282	0.0	1	268 14
17	488	0.0	1	477 11
18	274	0.0	1	264 10
19	530	0.0	1	520 10
20	307	0.0	2	300 7
21	449	0.0	2	374 61 14
22	304	0.0	2	297 5 2
23	388	0.0	2	361 17 10
24	502	0.0	2	486 13 3
25	401	0.0	2	373 25 3
26	518	0.0	2	502 12 4
27	551	0.0	2	535 12 4
28	400	0.0	2	388 10 2
29	525	0.0	2	515 9 1
30	255	0.0	2	251 3 1
31	470	0.0	2	454 14 2
32	308	0.0	2	297 9 2
33	448	0.0	2	438 7 3
34	463	0.0	2	443 17 3
35	391	0.0	2	379 9 3
36	309	0.0	2	291 13 5
37	235	0.0	2	229 6
38	433	0.0	2	419 11 3
39	591	0.0	2	573 16 2
40	638	0.0	2	617 14 7
41	613	0.0	2	589 19 5
42	446	0.0	2	425 20 1
43	591	0.0	2	571 16 4
44	526	0.0	2	511 11 4
45	655	0.0	2	626 23 6
46	426	0.0	2	407 16 3
47	529	0.0	2	504 18 7
48	628	0.0	2	606 19 3
49	393	0.0	2	370 12 11
50	519	0.0	2	494 20 5
51	531	0.0	2	502 23 6
52	299	0.0	2	283 10 6
53	720	0.0	2	687 25 8
54	373	0.0	2	358 11 4
55	713	0.0	2	687 17 9
56	438	0.0	2	423 12 3
57	560	0.0	2	533 23 4
58	714	0.0	2	683 24 7
59	564	0.0	2	549 12 3
60	921	0.0	2	882 31 8
61	985	0.0	2	948 28 9
62	477	0.0	2	456 13 8
63	564	0.0	2	542 17 5
64	727	0.0	2	708 16 3
65	734	0.0	2	712 17 5
66	537	0.0	2	511 20 6
67	809	0.0	2	780 27 2
68	411	0.0	2	390 14 7
69	496	0.0	2	472 21 3
70	635	0.0	2	622 9 4
71	523	0.0	2	505 17 1
72	566	0.0	2	540 20 6
73	707	0.0	2	680 20 7
74	573	0.0	2	550 19 4
75	800	0.0	2	761 32 7
76	778	0.0	2	753 22 3
77	538	0.0	2	519 16 3
78	491	0.0	2	470 19 2
79	476	0.0	2	458 13 5
80	600	0.0	2	579 17 4
81	516	0.0	2	496 17 3
82	681	0.0	2	656 15 10
83	893	0.0	2	854 30 9
84	1023	0.0	2	975 37 11
85	447	0.0	2	428 15 4
86	829	0.0	2	805 18 6
87	943	0.0	2	915 22 6
88	646	0.0	2	628 16 2
89	631	0.0	2	606 22 3
90	371	0.0	2	357 10 4
91	636	0.0	2	616 17 3
92	573	0.0	2	555 10 8
93	743	0.0	2	716 26 1
94	791	0.0	2	775 13 3
95	766	0.0	2	738 18 10
96	540	0.0	2	523 9 8
97	599	0.0	2	581 13 5
98	831	0.0	2	802 23 6
99	787	0.0	2	766 18 3
100	583	0.0	2	571 7 5
101	642	0.0	2	619 18 5
102	615	0.0	2	602 12 1
103	528	0.0	2	500 21 7
104	476	0.0	2	457 16 3
105	585	0.0	2	572 13
106	827	0.0	2	803 15 9
107	556	0.0	2	539 14 3
108	519	0.0	2	503 14 2
109	838	0.0	2	811 19 8
110	814	0.0	2	800 12 2
111	457	0.0	2	445 11 1
112	491	0.0	2	475 13 3
113	399	0.0	2	388 10 1
114	379	0.0	2	366 9 4
115	574	0.0	2	560 12 2
116	311	0.0	2	300 11
117	360	0.0	2	345 7 8
118	481	0.0	2	472 7 2
119	553	0.0	2	500 10 43
120	725	0.0	2	688 30 7
121	532	0.0	2	518 11 3
122	622	0.0	2	606 13 3
123	347	0.0	2	335 9 3
124	827	0.0	2	801 24 2
125	4710	0.0	2	4487 175 48
126	763	0.0	2	752 8 3
127	5639	0.0	2	5533 94 12
128	685	0.0	2	669 14 2
129	13493	0.0	2	12977 411 105
130	31761	0.0	2	31212 457 92
131	993	0.0	2	965 27 1
132	5851	0.0	2	5730 105 16
133	933	0.0	2	915 14 4
134	5535	0.0	2	5406 116 13
135	2692	0.0	2	2664 21 7
136	1347	0.0	2	1315 20 12
137	5429	0.0	2	5312 80 37
138	939	0.0	2	925 9 5
139	2910	0.0	2	2865 39 6
140	2056	0.0	2	1975 40 41
141	989	0.0	2	978 11
142	6969	0.0	2	6851 101 17
143	504	0.0	2	467 37
144	12144	0.0	2	11951 169 24
145	23172	0.0	2	22885 262 25
146	4951	0.0	2	4855 90 6
147	6542	0.0	2	6364 161 17
148	1442	0.0	2	1366 38 38
149	11560	0.0	2	11255 246 59
150	364	0.0	2	339 10 15
151	10889	0.0	2	10392 469 28


=== First read: Adapter 2 ===

Sequence: ATACCGTTATTAACATATGACAACTCAA; Type: regular 3'; Length: 28; Trimmed: 3440 times

Minimum overlap: 6
No. of allowed errors:
1-9 bp: 0; 10-19 bp: 1; 20-28 bp: 2

Bases preceding removed adapters:
  A: 3.2%
  C: 57.3%
  G: 0.7%
  T: 38.8%
  none/other: 0.0%

Overview of removed sequences
length	count	expect	max.err	error counts
66	105	0.0	2	101 3 1
71	3	0.0	2	2 1
72	7	0.0	2	6 1
81	1	0.0	2	1
83	22	0.0	2	21 1
108	1	0.0	2	1
110	23	0.0	2	21 2
111	138	0.0	2	133 3 2
112	13	0.0	2	0 13
113	1	0.0	2	1
115	224	0.0	2	221 2 1
117	9	0.0	2	9
120	7	0.0	2	7
124	1	0.0	2	1
125	24	0.0	2	22 2
127	18	0.0	2	18
129	21	0.0	2	10 6 5
130	47	0.0	2	38 5 4
131	1	0.0	2	0 1
132	10	0.0	2	8 2
133	39	0.0	2	18 17 4
134	49	0.0	2	1 1 47
137	3	0.0	2	0 0 3
140	40	0.0	2	0 0 40
141	73	0.0	2	73
142	122	0.0	2	115 7
144	152	0.0	2	131 20 1
145	138	0.0	2	132 5 1
146	327	0.0	2	308 19
147	511	0.0	2	492 18 1
148	1204	0.0	2	1112 40 52
149	105	0.0	2	100 4 1
151	1	0.0	2	1


=== Second read: Adapter 3 ===

Sequence: AGATCGGAAGAGCGTCGTGT; Type: regular 3'; Length: 20; Trimmed: 20 times

Minimum overlap: 6
No. of allowed errors:
1-9 bp: 0; 10-19 bp: 1; 20 bp: 2

Bases preceding removed adapters:
  A: 15.0%
  C: 0.0%
  G: 0.0%
  T: 85.0%
  none/other: 0.0%
WARNING:
    The adapter is preceded by 'T' extremely often.
    The provided adapter sequence could be incomplete at its 5' end.
    Ignore this warning when trimming primers.

Overview of removed sequences
length	count	expect	max.err	error counts
6	19	61.4	0	19
13	1	0.0	1	0 1


=== Second read: Adapter 4 ===

Sequence: AGATCGGAAGAGCGTCGTGT; Type: regular 3'; Length: 20; Trimmed: 0 times

WARNING:
    One or more of your adapter sequences may be incomplete.
    Please see the detailed output above.
