This is cutadapt 5.0 with Python 3.12.12
Command line parameters: -j 6 -G negative=TTGAGTTGTCATATGTTAATAACGGTAT;max_error_rate=0;rightmost -G positive=ACATATGACAACTCAATTAAAC;max_error_rate=0;rightmost --discard-untrimmed --rename={id}_{r2.adapter_name} {comment} -o 01-trimming/293T_SpRY_Cas9_dsODN_only_GSPplus_S78_S86_R1.ODN.UMI.fastq.gz -p 01-trimming/293T_SpRY_Cas9_dsODN_only_GSPplus_S78_S86_R2.ODN.UMI.fastq.gz 01-trimming/293T_SpRY_Cas9_dsODN_only_GSPplus_S78_S86_R1.UMI.fastq.gz 01-trimming/293T_SpRY_Cas9_dsODN_only_GSPplus_S78_S86_R2.UMI.fastq.gz
Processing paired-end reads on 6 cores ...

=== Summary ===

Total read pairs processed:            309,533
  Read 2 with adapter:                 251,511 (81.3%)

== Read fate breakdown ==
Pairs discarded as untrimmed:           58,022 (18.7%)
Pairs written (passing filters):       251,511 (81.3%)

Total basepairs processed:    90,383,636 bp
  Read 1:    46,739,483 bp
  Read 2:    43,644,153 bp
Total written (filtered):     63,861,362 bp (70.7%)
  Read 1:    37,978,161 bp
  Read 2:    25,883,201 bp

=== Second read: Adapter negative ===

Sequence: TTGAGTTGTCATATGTTAATAACGGTAT; Type: rightmost 5'; Length: 28; Trimmed: 2489 times

Minimum overlap: 3
No. of allowed errors:
1-28 bp: 0

Overview of removed sequences
length	count	expect	max.err	error counts
3	19	4836.5	0	19
5	4	302.3	0	4
6	17	75.6	0	17
7	9	18.9	0	9
32	3	0.0	0	3
65	1	0.0	0	1
66	77	0.0	0	77
67	1	0.0	0	1
87	2	0.0	0	2
88	97	0.0	0	97
89	1	0.0	0	1
90	18	0.0	0	18
91	1	0.0	0	1
92	5	0.0	0	5
93	87	0.0	0	87
94	1	0.0	0	1
95	4	0.0	0	4
96	108	0.0	0	108
97	17	0.0	0	17
98	87	0.0	0	87
99	98	0.0	0	98
100	1126	0.0	0	1126
101	44	0.0	0	44
119	1	0.0	0	1
120	4	0.0	0	4
121	110	0.0	0	110
124	2	0.0	0	2
126	13	0.0	0	13
127	80	0.0	0	80
128	4	0.0	0	4
129	16	0.0	0	16
130	116	0.0	0	116
131	4	0.0	0	4
132	3	0.0	0	3
133	21	0.0	0	21
134	287	0.0	0	287
135	1	0.0	0	1


=== Second read: Adapter positive ===

Sequence: ACATATGACAACTCAATTAAAC; Type: rightmost 5'; Length: 22; Trimmed: 249022 times

Minimum overlap: 3
No. of allowed errors:
1-22 bp: 0

Overview of removed sequences
length	count	expect	max.err	error counts
3	145	4836.5	0	145
4	29	1209.1	0	29
22	1	0.0	0	1
24	3	0.0	0	3
25	6	0.0	0	6
26	7	0.0	0	7
27	10	0.0	0	10
28	57	0.0	0	57
29	41	0.0	0	41
30	231	0.0	0	231
31	3059	0.0	0	3059
32	208435	0.0	0	208435
33	1028	0.0	0	1028
34	5	0.0	0	5
36	1	0.0	0	1
48	1	0.0	0	1
50	7	0.0	0	7
51	134	0.0	0	134
52	131	0.0	0	131
53	4	0.0	0	4
54	28	0.0	0	28
55	129	0.0	0	129
56	97	0.0	0	97
57	87	0.0	0	87
58	205	0.0	0	205
59	815	0.0	0	815
60	93	0.0	0	93
61	614	0.0	0	614
62	1342	0.0	0	1342
63	250	0.0	0	250
64	394	0.0	0	394
65	1794	0.0	0	1794
66	24491	0.0	0	24491
67	267	0.0	0	267
68	26	0.0	0	26
69	40	0.0	0	40
70	16	0.0	0	16
71	20	0.0	0	20
72	1	0.0	0	1
73	41	0.0	0	41
74	2	0.0	0	2
75	12	0.0	0	12
76	14	0.0	0	14
77	38	0.0	0	38
78	21	0.0	0	21
79	5	0.0	0	5
81	7	0.0	0	7
82	31	0.0	0	31
83	4	0.0	0	4
84	76	0.0	0	76
85	104	0.0	0	104
86	33	0.0	0	33
87	147	0.0	0	147
88	33	0.0	0	33
89	130	0.0	0	130
90	25	0.0	0	25
91	28	0.0	0	28
92	190	0.0	0	190
93	183	0.0	0	183
94	65	0.0	0	65
95	208	0.0	0	208
96	480	0.0	0	480
97	154	0.0	0	154
98	156	0.0	0	156
99	266	0.0	0	266
100	1897	0.0	0	1897
101	10	0.0	0	10
103	9	0.0	0	9
104	2	0.0	0	2
107	1	0.0	0	1
110	1	0.0	0	1
111	111	0.0	0	111
112	13	0.0	0	13
113	1	0.0	0	1
115	4	0.0	0	4
116	1	0.0	0	1
117	52	0.0	0	52
118	1	0.0	0	1
119	40	0.0	0	40
120	4	0.0	0	4
121	46	0.0	0	46
122	2	0.0	0	2
123	50	0.0	0	50
125	2	0.0	0	2
126	7	0.0	0	7
127	9	0.0	0	9
128	45	0.0	0	45
129	69	0.0	0	69
130	24	0.0	0	24
131	1	0.0	0	1
132	1	0.0	0	1
133	13	0.0	0	13
134	92	0.0	0	92
135	17	0.0	0	17
