This is cutadapt 5.0 with Python 3.12.12
Command line parameters: -j 6 -A AGATCGGAAGAGCGTCGTGT;min_overlap=6;max_error_rate=0.1 -A AGATCGGAAGAGCGTCGTGT;min_overlap=6;max_error_rate=0.1 -a GTTTAATTGAGTTGTCATATGT;min_overlap=6;max_error_rate=0.1 -a ATACCGTTATTAACATATGACAACTCAA;min_overlap=6;max_error_rate=0.1 -o 01-trimming/293T_SpRY_Cas9_dsODN_only_GSPneg_S81_S89_R1.ODN.UMI.trimmed.fastq.gz -p 01-trimming/293T_SpRY_Cas9_dsODN_only_GSPneg_S81_S89_R2.ODN.UMI.trimmed.fastq.gz 01-trimming/293T_SpRY_Cas9_dsODN_only_GSPneg_S81_S89_R1.ODN.UMI.fastq.gz 01-trimming/293T_SpRY_Cas9_dsODN_only_GSPneg_S81_S89_R2.ODN.UMI.fastq.gz
Processing paired-end reads on 6 cores ...

=== Summary ===

Total read pairs processed:            188,665
  Read 1 with adapter:                 177,881 (94.3%)
  Read 2 with adapter:                       7 (0.0%)
Pairs written (passing filters):       188,665 (100.0%)

Total basepairs processed:    48,258,780 bp
  Read 1:    28,488,415 bp
  Read 2:    19,770,365 bp
Total written (filtered):     25,574,517 bp (53.0%)
  Read 1:     5,804,194 bp
  Read 2:    19,770,323 bp

=== First read: Adapter 1 ===

Sequence: GTTTAATTGAGTTGTCATATGT; Type: regular 3'; Length: 22; Trimmed: 77 times

Minimum overlap: 6
No. of allowed errors:
1-9 bp: 0; 10-19 bp: 1; 20-22 bp: 2

Bases preceding removed adapters:
  A: 3.9%
  C: 55.8%
  G: 3.9%
  T: 35.1%
  none/other: 1.3%

Overview of removed sequences
length	count	expect	max.err	error counts
6	4	46.1	0	4
18	1	0.0	1	1
20	1	0.0	2	1
41	1	0.0	2	1
49	1	0.0	2	1
57	1	0.0	2	1
78	1	0.0	2	1
87	1	0.0	2	1
90	1	0.0	2	1
121	1	0.0	2	1
127	1	0.0	2	1
129	7	0.0	2	7
130	3	0.0	2	3
134	1	0.0	2	1
137	1	0.0	2	1
139	1	0.0	2	1
144	33	0.0	2	24 6 3
145	5	0.0	2	4 1
147	1	0.0	2	1
148	1	0.0	2	1
149	9	0.0	2	8 1
151	1	0.0	2	1


=== First read: Adapter 2 ===

Sequence: ATACCGTTATTAACATATGACAACTCAA; Type: regular 3'; Length: 28; Trimmed: 177804 times

Minimum overlap: 6
No. of allowed errors:
1-9 bp: 0; 10-19 bp: 1; 20-28 bp: 2

Bases preceding removed adapters:
  A: 5.4%
  C: 56.8%
  G: 4.2%
  T: 33.4%
  none/other: 0.2%

Overview of removed sequences
length	count	expect	max.err	error counts
6	311	46.1	0	311
7	266	11.5	0	266
8	213	2.9	0	213
9	146	0.7	0	146
10	319	0.2	1	317 2
11	77	0.0	1	76 1
12	204	0.0	1	201 3
13	176	0.0	1	173 3
14	193	0.0	1	184 9
15	122	0.0	1	122
16	111	0.0	1	105 6
17	335	0.0	1	330 5
18	278	0.0	1	270 8
19	296	0.0	1	257 39
20	263	0.0	2	253 8 2
21	199	0.0	2	190 8 1
22	125	0.0	2	122 2 1
23	168	0.0	2	164 3 1
24	216	0.0	2	210 5 1
25	247	0.0	2	239 8
26	264	0.0	2	245 18 1
27	129	0.0	2	125 4
28	146	0.0	2	142 4
29	117	0.0	2	112 4 1
30	314	0.0	2	304 7 3
31	79	0.0	2	75 3 1
32	131	0.0	2	129 2
33	150	0.0	2	146 3 1
34	177	0.0	2	172 3 2
35	307	0.0	2	301 6
36	395	0.0	2	370 15 10
37	301	0.0	2	297 3 1
38	202	0.0	2	199 2 1
39	239	0.0	2	237 2
40	310	0.0	2	299 10 1
41	114	0.0	2	112 1 1
42	214	0.0	2	204 7 3
43	239	0.0	2	226 10 3
44	314	0.0	2	305 7 2
45	258	0.0	2	251 7
46	464	0.0	2	443 18 3
47	203	0.0	2	199 3 1
48	144	0.0	2	135 8 1
49	293	0.0	2	281 12
50	197	0.0	2	190 6 1
51	255	0.0	2	247 6 2
52	200	0.0	2	196 2 2
53	294	0.0	2	284 6 4
54	118	0.0	2	109 7 2
55	167	0.0	2	158 9
56	470	0.0	2	461 6 3
57	172	0.0	2	168 4
58	309	0.0	2	298 9 2
59	286	0.0	2	273 9 4
60	449	0.0	2	438 11
61	372	0.0	2	364 8
62	147	0.0	2	142 4 1
63	311	0.0	2	304 5 2
64	261	0.0	2	255 4 2
65	158	0.0	2	153 4 1
66	271	0.0	2	268 3
67	448	0.0	2	438 8 2
68	369	0.0	2	358 8 3
69	371	0.0	2	360 10 1
70	440	0.0	2	413 15 12
71	192	0.0	2	188 3 1
72	302	0.0	2	293 7 2
73	201	0.0	2	195 5 1
74	226	0.0	2	222 4
75	389	0.0	2	374 11 4
76	470	0.0	2	456 12 2
77	462	0.0	2	446 7 9
78	285	0.0	2	274 6 5
79	301	0.0	2	277 13 11
80	285	0.0	2	277 6 2
81	224	0.0	2	215 8 1
82	264	0.0	2	252 8 4
83	180	0.0	2	175 4 1
84	621	0.0	2	600 19 2
85	219	0.0	2	212 6 1
86	320	0.0	2	315 3 2
87	429	0.0	2	412 10 7
88	268	0.0	2	258 4 6
89	350	0.0	2	341 7 2
90	247	0.0	2	242 4 1
91	380	0.0	2	368 11 1
92	252	0.0	2	246 5 1
93	343	0.0	2	335 8
94	204	0.0	2	200 1 3
95	397	0.0	2	388 6 3
96	342	0.0	2	327 9 6
97	256	0.0	2	253 1 2
98	291	0.0	2	276 15
99	287	0.0	2	276 9 2
100	244	0.0	2	237 5 2
101	277	0.0	2	265 7 5
102	343	0.0	2	334 5 4
103	353	0.0	2	348 5
104	212	0.0	2	203 7 2
105	398	0.0	2	393 5
106	161	0.0	2	158 2 1
107	220	0.0	2	212 2 6
108	358	0.0	2	347 9 2
109	278	0.0	2	270 7 1
110	338	0.0	2	315 14 9
111	346	0.0	2	329 8 9
112	305	0.0	2	293 8 4
113	306	0.0	2	261 28 17
114	255	0.0	2	251 3 1
115	360	0.0	2	350 9 1
116	291	0.0	2	265 20 6
117	398	0.0	2	372 18 8
118	198	0.0	2	190 8
119	241	0.0	2	238 3
120	406	0.0	2	396 9 1
121	260	0.0	2	255 4 1
122	968	0.0	2	927 36 5
123	404	0.0	2	375 28 1
124	1436	0.0	2	1396 30 10
125	1407	0.0	2	1356 44 7
126	331	0.0	2	325 6
127	714	0.0	2	686 22 6
128	887	0.0	2	794 84 9
129	28632	0.0	2	27813 694 125
130	6037	0.0	2	5556 443 38
131	395	0.0	2	319 73 3
132	4514	0.0	2	4439 62 13
133	1121	0.0	2	707 175 239
134	2722	0.0	2	2622 54 46
135	337	0.0	2	327 8 2
136	399	0.0	2	377 20 2
137	909	0.0	2	896 13
138	426	0.0	2	334 72 20
139	683	0.0	2	675 8
140	994	0.0	2	945 44 5
141	511	0.0	2	409 100 2
142	7774	0.0	2	7655 105 14
143	210	0.0	2	166 44
144	6503	0.0	2	6392 93 18
145	15469	0.0	2	15289 163 17
146	13562	0.0	2	13253 230 79
147	21506	0.0	2	21116 344 46
148	24207	0.0	2	23423 584 200
149	2901	0.0	2	2774 57 70
150	121	0.0	2	119 2
151	355	0.0	2	324 21 10


=== Second read: Adapter 3 ===

Sequence: AGATCGGAAGAGCGTCGTGT; Type: regular 3'; Length: 20; Trimmed: 7 times

Minimum overlap: 6
No. of allowed errors:
1-9 bp: 0; 10-19 bp: 1; 20 bp: 2

Bases preceding removed adapters:
  A: 28.6%
  C: 0.0%
  G: 0.0%
  T: 71.4%
  none/other: 0.0%

Overview of removed sequences
length	count	expect	max.err	error counts
6	7	46.1	0	7


=== Second read: Adapter 4 ===

Sequence: AGATCGGAAGAGCGTCGTGT; Type: regular 3'; Length: 20; Trimmed: 0 times
