Assuming unrestricted shared filesystem usage.
host: compute-b-16-179.o2.rc.hms.harvard.edu
Building DAG of jobs...
Using shell: /usr/bin/bash
Provided cores: 12
Rules claiming more threads will be scaled down.
Job stats:
job                             count
----------------------------  -------
Collapse_UMI_IS                     4
add_UMI                             4
alignOnGenome                       4
annotate_sites                      4
callIS_R2rescued                    4
call_IS                             4
correct_UMI                         4
filter_alignments                   4
filter_reads                        4
get_fasta_around_is                 4
get_stats_fq                        4
make_report                         1
predict_offtarget_SWOffinder        1
prepare_annotations                 1
report                              1
report_data                         4
rescue_R2                           4
sort_aligned                        4
sort_rescued_R2                     4
target                              1
trim_ODN                            4
trim_reads                          4
total                              73

Select jobs to execute...
Failed to solve scheduling problem with ILP solver, falling back to greedy scheduler. You likely have to fix your ILP solver installation. Error message: PULP_CBC_CMD: Not Available (check permissions on cbc)
Execute 2 jobs...

[Tue Oct 21 15:14:44 2025]
localrule add_UMI:
    input: 00-demultiplexing/293T_SpRY_Cas9_dsODN_only_GSPplus_S78_S86_newI2.fastq.gz, 00-demultiplexing/293T_SpRY_Cas9_dsODN_only_GSPplus_S78_S86_R1.fastq.gz, 00-demultiplexing/293T_SpRY_Cas9_dsODN_only_GSPplus_S78_S86_R2.fastq.gz
    output: 01-trimming/293T_SpRY_Cas9_dsODN_only_GSPplus_S78_S86_R1.UMI.fastq.gz, 01-trimming/293T_SpRY_Cas9_dsODN_only_GSPplus_S78_S86_R2.UMI.fastq.gz, 01-trimming/293T_SpRY_Cas9_dsODN_only_GSPplus_S78_S86_I2.UMI.fastq.gz
    log: logs/293T_SpRY_Cas9_dsODN_only_GSPplus_S78_S86_R1.UMI.log, logs/293T_SpRY_Cas9_dsODN_only_GSPplus_S78_S86_R2.UMI.log
    jobid: 12
    reason: Missing output files: 01-trimming/293T_SpRY_Cas9_dsODN_only_GSPplus_S78_S86_R1.UMI.fastq.gz, 01-trimming/293T_SpRY_Cas9_dsODN_only_GSPplus_S78_S86_R2.UMI.fastq.gz
    wildcards: sample=293T_SpRY_Cas9_dsODN_only_GSPplus_S78_S86
    threads: 6
    resources: tmpdir=/tmp
Activating conda environment: GENETHOFF

[Tue Oct 21 15:14:45 2025]
localrule prepare_annotations:
    input: /home/tib163/research_offsite/ref_genome_info/gencode.v49.chr_patch_hapl_scaff.annotation.gtf
    output: ../02-ressources/GRCh38.rds
    jobid: 26
    reason: Missing output files: ../02-ressources/GRCh38.rds
    wildcards: genome=GRCh38
    resources: tmpdir=/tmp
Activating conda environment: GENETHOFF
Select jobs to execute...
[Tue Oct 21 15:14:56 2025]
Finished jobid: 12 (Rule: add_UMI)
1 of 73 steps (1%) done
Removing temporary output 00-demultiplexing/293T_SpRY_Cas9_dsODN_only_GSPplus_S78_S86_newI2.fastq.gz.
Removing temporary output 01-trimming/293T_SpRY_Cas9_dsODN_only_GSPplus_S78_S86_I2.UMI.fastq.gz.
Execute 1 jobs...

[Tue Oct 21 15:14:56 2025]
Job 11: removing ODN sequence, discard reads without ODN sequence 293T_SpRY_Cas9_dsODN_only_GSPplus_S78_S86
Reason: Missing output files: 01-trimming/293T_SpRY_Cas9_dsODN_only_GSPplus_S78_S86_R1.ODN.UMI.fastq.gz, 01-trimming/293T_SpRY_Cas9_dsODN_only_GSPplus_S78_S86_R2.ODN.UMI.fastq.gz; Input files updated by another job: 01-trimming/293T_SpRY_Cas9_dsODN_only_GSPplus_S78_S86_R1.UMI.fastq.gz, 01-trimming/293T_SpRY_Cas9_dsODN_only_GSPplus_S78_S86_R2.UMI.fastq.gz
Activating conda environment: GENETHOFF
Select jobs to execute...
[Tue Oct 21 15:15:00 2025]
Finished jobid: 11 (Rule: trim_ODN)
2 of 73 steps (3%) done
Removing temporary output 01-trimming/293T_SpRY_Cas9_dsODN_only_GSPplus_S78_S86_R1.UMI.fastq.gz.
Removing temporary output 01-trimming/293T_SpRY_Cas9_dsODN_only_GSPplus_S78_S86_R2.UMI.fastq.gz.
Execute 1 jobs...

[Tue Oct 21 15:15:00 2025]
localrule add_UMI:
    input: 00-demultiplexing/293T_SpRY_Cas9_1620_GSPplus_S76_S84_newI2.fastq.gz, 00-demultiplexing/293T_SpRY_Cas9_1620_GSPplus_S76_S84_R1.fastq.gz, 00-demultiplexing/293T_SpRY_Cas9_1620_GSPplus_S76_S84_R2.fastq.gz
    output: 01-trimming/293T_SpRY_Cas9_1620_GSPplus_S76_S84_R1.UMI.fastq.gz, 01-trimming/293T_SpRY_Cas9_1620_GSPplus_S76_S84_R2.UMI.fastq.gz, 01-trimming/293T_SpRY_Cas9_1620_GSPplus_S76_S84_I2.UMI.fastq.gz
    log: logs/293T_SpRY_Cas9_1620_GSPplus_S76_S84_R1.UMI.log, logs/293T_SpRY_Cas9_1620_GSPplus_S76_S84_R2.UMI.log
    jobid: 82
    reason: Missing output files: 01-trimming/293T_SpRY_Cas9_1620_GSPplus_S76_S84_R1.UMI.fastq.gz, 01-trimming/293T_SpRY_Cas9_1620_GSPplus_S76_S84_R2.UMI.fastq.gz
    wildcards: sample=293T_SpRY_Cas9_1620_GSPplus_S76_S84
    threads: 6
    resources: tmpdir=/tmp
Activating conda environment: GENETHOFF
Select jobs to execute...
[Tue Oct 21 15:15:05 2025]
Finished jobid: 82 (Rule: add_UMI)
3 of 73 steps (4%) done
Removing temporary output 00-demultiplexing/293T_SpRY_Cas9_1620_GSPplus_S76_S84_newI2.fastq.gz.
Removing temporary output 01-trimming/293T_SpRY_Cas9_1620_GSPplus_S76_S84_I2.UMI.fastq.gz.
Execute 1 jobs...

[Tue Oct 21 15:15:05 2025]
Job 81: removing ODN sequence, discard reads without ODN sequence 293T_SpRY_Cas9_1620_GSPplus_S76_S84
Reason: Missing output files: 01-trimming/293T_SpRY_Cas9_1620_GSPplus_S76_S84_R1.ODN.UMI.fastq.gz, 01-trimming/293T_SpRY_Cas9_1620_GSPplus_S76_S84_R2.ODN.UMI.fastq.gz; Input files updated by another job: 01-trimming/293T_SpRY_Cas9_1620_GSPplus_S76_S84_R1.UMI.fastq.gz, 01-trimming/293T_SpRY_Cas9_1620_GSPplus_S76_S84_R2.UMI.fastq.gz
Activating conda environment: GENETHOFF
Select jobs to execute...
[Tue Oct 21 15:15:09 2025]
Finished jobid: 81 (Rule: trim_ODN)
4 of 73 steps (5%) done
Removing temporary output 01-trimming/293T_SpRY_Cas9_1620_GSPplus_S76_S84_R1.UMI.fastq.gz.
Removing temporary output 01-trimming/293T_SpRY_Cas9_1620_GSPplus_S76_S84_R2.UMI.fastq.gz.
Execute 1 jobs...

[Tue Oct 21 15:15:09 2025]
Job 10: trimming ODN and adaptor sequences in reads
Reason: Missing output files: 01-trimming/293T_SpRY_Cas9_dsODN_only_GSPplus_S78_S86_R1.ODN.UMI.trimmed.fastq.gz, 01-trimming/293T_SpRY_Cas9_dsODN_only_GSPplus_S78_S86_R2.ODN.UMI.trimmed.fastq.gz; Input files updated by another job: 01-trimming/293T_SpRY_Cas9_dsODN_only_GSPplus_S78_S86_R1.ODN.UMI.fastq.gz, 01-trimming/293T_SpRY_Cas9_dsODN_only_GSPplus_S78_S86_R2.ODN.UMI.fastq.gz
Activating conda environment: GENETHOFF
Select jobs to execute...
Adapter 'AGATCGGAAGAGCGTCGTGT' (regular 3') was specified multiple times! Please make sure that this is what you want.
[Tue Oct 21 15:15:12 2025]
Finished jobid: 10 (Rule: trim_reads)
5 of 73 steps (7%) done
Execute 1 jobs...

[Tue Oct 21 15:15:12 2025]
localrule add_UMI:
    input: 00-demultiplexing/293T_SpRY_Cas9_dsODN_only_GSPneg_S81_S89_newI2.fastq.gz, 00-demultiplexing/293T_SpRY_Cas9_dsODN_only_GSPneg_S81_S89_R1.fastq.gz, 00-demultiplexing/293T_SpRY_Cas9_dsODN_only_GSPneg_S81_S89_R2.fastq.gz
    output: 01-trimming/293T_SpRY_Cas9_dsODN_only_GSPneg_S81_S89_R1.UMI.fastq.gz, 01-trimming/293T_SpRY_Cas9_dsODN_only_GSPneg_S81_S89_R2.UMI.fastq.gz, 01-trimming/293T_SpRY_Cas9_dsODN_only_GSPneg_S81_S89_I2.UMI.fastq.gz
    log: logs/293T_SpRY_Cas9_dsODN_only_GSPneg_S81_S89_R1.UMI.log, logs/293T_SpRY_Cas9_dsODN_only_GSPneg_S81_S89_R2.UMI.log
    jobid: 60
    reason: Missing output files: 01-trimming/293T_SpRY_Cas9_dsODN_only_GSPneg_S81_S89_R1.UMI.fastq.gz, 01-trimming/293T_SpRY_Cas9_dsODN_only_GSPneg_S81_S89_R2.UMI.fastq.gz
    wildcards: sample=293T_SpRY_Cas9_dsODN_only_GSPneg_S81_S89
    threads: 6
    resources: tmpdir=/tmp
Activating conda environment: GENETHOFF
Select jobs to execute...
[Tue Oct 21 15:15:17 2025]
Finished jobid: 60 (Rule: add_UMI)
6 of 73 steps (8%) done
Removing temporary output 00-demultiplexing/293T_SpRY_Cas9_dsODN_only_GSPneg_S81_S89_newI2.fastq.gz.
Removing temporary output 01-trimming/293T_SpRY_Cas9_dsODN_only_GSPneg_S81_S89_I2.UMI.fastq.gz.
Execute 1 jobs...

[Tue Oct 21 15:15:17 2025]
Job 59: removing ODN sequence, discard reads without ODN sequence 293T_SpRY_Cas9_dsODN_only_GSPneg_S81_S89
Reason: Missing output files: 01-trimming/293T_SpRY_Cas9_dsODN_only_GSPneg_S81_S89_R2.ODN.UMI.fastq.gz, 01-trimming/293T_SpRY_Cas9_dsODN_only_GSPneg_S81_S89_R1.ODN.UMI.fastq.gz; Input files updated by another job: 01-trimming/293T_SpRY_Cas9_dsODN_only_GSPneg_S81_S89_R1.UMI.fastq.gz, 01-trimming/293T_SpRY_Cas9_dsODN_only_GSPneg_S81_S89_R2.UMI.fastq.gz
Activating conda environment: GENETHOFF
Select jobs to execute...
[Tue Oct 21 15:15:21 2025]
Finished jobid: 59 (Rule: trim_ODN)
7 of 73 steps (10%) done
Removing temporary output 01-trimming/293T_SpRY_Cas9_dsODN_only_GSPneg_S81_S89_R1.UMI.fastq.gz.
Removing temporary output 01-trimming/293T_SpRY_Cas9_dsODN_only_GSPneg_S81_S89_R2.UMI.fastq.gz.
Execute 1 jobs...

[Tue Oct 21 15:15:21 2025]
Job 80: trimming ODN and adaptor sequences in reads
Reason: Missing output files: 01-trimming/293T_SpRY_Cas9_1620_GSPplus_S76_S84_R1.ODN.UMI.trimmed.fastq.gz, 01-trimming/293T_SpRY_Cas9_1620_GSPplus_S76_S84_R2.ODN.UMI.trimmed.fastq.gz; Input files updated by another job: 01-trimming/293T_SpRY_Cas9_1620_GSPplus_S76_S84_R1.ODN.UMI.fastq.gz, 01-trimming/293T_SpRY_Cas9_1620_GSPplus_S76_S84_R2.ODN.UMI.fastq.gz
Activating conda environment: GENETHOFF
Select jobs to execute...
Adapter 'AGATCGGAAGAGCGTCGTGT' (regular 3') was specified multiple times! Please make sure that this is what you want.
[Tue Oct 21 15:15:25 2025]
Finished jobid: 80 (Rule: trim_reads)
8 of 73 steps (11%) done
Execute 1 jobs...

[Tue Oct 21 15:15:25 2025]
Job 9: remove pairs if one mate is shorter than x bp
Reason: Missing output files: 02-filtering/293T_SpRY_Cas9_dsODN_only_GSPplus_S78_S86_R1.UMI.ODN.trimmed.filtered.fastq.gz, 02-filtering/293T_SpRY_Cas9_dsODN_only_GSPplus_S78_S86_R2.UMI.ODN.trimmed.tooshort.fastq.gz, 02-filtering/293T_SpRY_Cas9_dsODN_only_GSPplus_S78_S86_R2.UMI.ODN.trimmed.filtered.fastq.gz; Input files updated by another job: 01-trimming/293T_SpRY_Cas9_dsODN_only_GSPplus_S78_S86_R1.ODN.UMI.trimmed.fastq.gz, 01-trimming/293T_SpRY_Cas9_dsODN_only_GSPplus_S78_S86_R2.ODN.UMI.trimmed.fastq.gz
Activating conda environment: GENETHOFF
Select jobs to execute...
[Tue Oct 21 15:15:28 2025]
Finished jobid: 9 (Rule: filter_reads)
9 of 73 steps (12%) done
Removing temporary output 01-trimming/293T_SpRY_Cas9_dsODN_only_GSPplus_S78_S86_R1.ODN.UMI.trimmed.fastq.gz.
Removing temporary output 01-trimming/293T_SpRY_Cas9_dsODN_only_GSPplus_S78_S86_R2.ODN.UMI.trimmed.fastq.gz.
Removing temporary output 02-filtering/293T_SpRY_Cas9_dsODN_only_GSPplus_S78_S86_R1.UMI.ODN.trimmed.tooshort.fastq.gz.
Execute 1 jobs...

[Tue Oct 21 15:15:28 2025]
localrule get_stats_fq:
    input: 00-demultiplexing/293T_SpRY_Cas9_dsODN_only_GSPplus_S78_S86_R1.fastq.gz, 00-demultiplexing/293T_SpRY_Cas9_dsODN_only_GSPplus_S78_S86_R2.fastq.gz, 01-trimming/293T_SpRY_Cas9_dsODN_only_GSPplus_S78_S86_R1.ODN.UMI.fastq.gz, 01-trimming/293T_SpRY_Cas9_dsODN_only_GSPplus_S78_S86_R2.ODN.UMI.fastq.gz, 02-filtering/293T_SpRY_Cas9_dsODN_only_GSPplus_S78_S86_R1.UMI.ODN.trimmed.filtered.fastq.gz, 02-filtering/293T_SpRY_Cas9_dsODN_only_GSPplus_S78_S86_R2.UMI.ODN.trimmed.filtered.fastq.gz
    output: 05-Report/293T_SpRY_Cas9_dsODN_only_GSPplus_S78_S86.stat
    jobid: 25
    reason: Missing output files: 05-Report/293T_SpRY_Cas9_dsODN_only_GSPplus_S78_S86.stat; Input files updated by another job: 02-filtering/293T_SpRY_Cas9_dsODN_only_GSPplus_S78_S86_R1.UMI.ODN.trimmed.filtered.fastq.gz, 01-trimming/293T_SpRY_Cas9_dsODN_only_GSPplus_S78_S86_R1.ODN.UMI.fastq.gz, 02-filtering/293T_SpRY_Cas9_dsODN_only_GSPplus_S78_S86_R2.UMI.ODN.trimmed.filtered.fastq.gz, 01-trimming/293T_SpRY_Cas9_dsODN_only_GSPplus_S78_S86_R2.ODN.UMI.fastq.gz
    wildcards: sample=293T_SpRY_Cas9_dsODN_only_GSPplus_S78_S86
    threads: 6
    resources: tmpdir=/tmp
Activating conda environment: GENETHOFF
Select jobs to execute...
processed files:  0 / 6 [------] ETA: 0s
[1A[Jprocessed files:  1 / 6 [>-----] ETA: 0s
[1A[Jprocessed files:  2 / 6 [=>----] ETA: 0s
[1A[Jprocessed files:  3 / 6 [==>---] ETA: 0s
[1A[Jprocessed files:  4 / 6 [===>--] ETA: 0s
[1A[Jprocessed files:  6 / 6 [======] ETA: 0s
[1A[Jprocessed files:  6 / 6 [] ETA: 0s. done
[Tue Oct 21 15:15:31 2025]
Finished jobid: 25 (Rule: get_stats_fq)
10 of 73 steps (14%) done
Removing temporary output 01-trimming/293T_SpRY_Cas9_dsODN_only_GSPplus_S78_S86_R1.ODN.UMI.fastq.gz.
Removing temporary output 01-trimming/293T_SpRY_Cas9_dsODN_only_GSPplus_S78_S86_R2.ODN.UMI.fastq.gz.
Execute 1 jobs...

[Tue Oct 21 15:15:31 2025]
Job 79: remove pairs if one mate is shorter than x bp
Reason: Missing output files: 02-filtering/293T_SpRY_Cas9_1620_GSPplus_S76_S84_R2.UMI.ODN.trimmed.filtered.fastq.gz, 02-filtering/293T_SpRY_Cas9_1620_GSPplus_S76_S84_R1.UMI.ODN.trimmed.filtered.fastq.gz, 02-filtering/293T_SpRY_Cas9_1620_GSPplus_S76_S84_R2.UMI.ODN.trimmed.tooshort.fastq.gz; Input files updated by another job: 01-trimming/293T_SpRY_Cas9_1620_GSPplus_S76_S84_R1.ODN.UMI.trimmed.fastq.gz, 01-trimming/293T_SpRY_Cas9_1620_GSPplus_S76_S84_R2.ODN.UMI.trimmed.fastq.gz
Activating conda environment: GENETHOFF
Select jobs to execute...
[Tue Oct 21 15:15:35 2025]
Finished jobid: 79 (Rule: filter_reads)
11 of 73 steps (15%) done
Removing temporary output 01-trimming/293T_SpRY_Cas9_1620_GSPplus_S76_S84_R1.ODN.UMI.trimmed.fastq.gz.
Removing temporary output 01-trimming/293T_SpRY_Cas9_1620_GSPplus_S76_S84_R2.ODN.UMI.trimmed.fastq.gz.
Removing temporary output 02-filtering/293T_SpRY_Cas9_1620_GSPplus_S76_S84_R1.UMI.ODN.trimmed.tooshort.fastq.gz.
Execute 1 jobs...

[Tue Oct 21 15:15:35 2025]
localrule get_stats_fq:
    input: 00-demultiplexing/293T_SpRY_Cas9_1620_GSPplus_S76_S84_R1.fastq.gz, 00-demultiplexing/293T_SpRY_Cas9_1620_GSPplus_S76_S84_R2.fastq.gz, 01-trimming/293T_SpRY_Cas9_1620_GSPplus_S76_S84_R1.ODN.UMI.fastq.gz, 01-trimming/293T_SpRY_Cas9_1620_GSPplus_S76_S84_R2.ODN.UMI.fastq.gz, 02-filtering/293T_SpRY_Cas9_1620_GSPplus_S76_S84_R1.UMI.ODN.trimmed.filtered.fastq.gz, 02-filtering/293T_SpRY_Cas9_1620_GSPplus_S76_S84_R2.UMI.ODN.trimmed.filtered.fastq.gz
    output: 05-Report/293T_SpRY_Cas9_1620_GSPplus_S76_S84.stat
    jobid: 92
    reason: Missing output files: 05-Report/293T_SpRY_Cas9_1620_GSPplus_S76_S84.stat; Input files updated by another job: 02-filtering/293T_SpRY_Cas9_1620_GSPplus_S76_S84_R1.UMI.ODN.trimmed.filtered.fastq.gz, 02-filtering/293T_SpRY_Cas9_1620_GSPplus_S76_S84_R2.UMI.ODN.trimmed.filtered.fastq.gz, 01-trimming/293T_SpRY_Cas9_1620_GSPplus_S76_S84_R1.ODN.UMI.fastq.gz, 01-trimming/293T_SpRY_Cas9_1620_GSPplus_S76_S84_R2.ODN.UMI.fastq.gz
    wildcards: sample=293T_SpRY_Cas9_1620_GSPplus_S76_S84
    threads: 6
    resources: tmpdir=/tmp
Activating conda environment: GENETHOFF
Select jobs to execute...
processed files:  0 / 6 [------] ETA: 0s
[1A[Jprocessed files:  0 / 6 [------] ETA: 0s
[1A[Jprocessed files:  0 / 6 [------] ETA: 0s
[1A[Jprocessed files:  2 / 6 [=>----] ETA: 0s
[1A[Jprocessed files:  6 / 6 [======] ETA: 0s
[1A[Jprocessed files:  6 / 6 [] ETA: 0s. done
[1A[Jprocessed files:  6 / 6 [] ETA: 0s. done
[Tue Oct 21 15:15:38 2025]
Finished jobid: 92 (Rule: get_stats_fq)
12 of 73 steps (16%) done
Removing temporary output 01-trimming/293T_SpRY_Cas9_1620_GSPplus_S76_S84_R1.ODN.UMI.fastq.gz.
Removing temporary output 01-trimming/293T_SpRY_Cas9_1620_GSPplus_S76_S84_R2.ODN.UMI.fastq.gz.
Execute 1 jobs...

[Tue Oct 21 15:15:38 2025]
Job 58: trimming ODN and adaptor sequences in reads
Reason: Missing output files: 01-trimming/293T_SpRY_Cas9_dsODN_only_GSPneg_S81_S89_R1.ODN.UMI.trimmed.fastq.gz, 01-trimming/293T_SpRY_Cas9_dsODN_only_GSPneg_S81_S89_R2.ODN.UMI.trimmed.fastq.gz; Input files updated by another job: 01-trimming/293T_SpRY_Cas9_dsODN_only_GSPneg_S81_S89_R2.ODN.UMI.fastq.gz, 01-trimming/293T_SpRY_Cas9_dsODN_only_GSPneg_S81_S89_R1.ODN.UMI.fastq.gz
Activating conda environment: GENETHOFF
Select jobs to execute...
Adapter 'AGATCGGAAGAGCGTCGTGT' (regular 3') was specified multiple times! Please make sure that this is what you want.
[Tue Oct 21 15:15:41 2025]
Finished jobid: 58 (Rule: trim_reads)
13 of 73 steps (18%) done
Execute 1 jobs...

[Tue Oct 21 15:15:41 2025]
Job 78: Aligning PE reads on genome with Bowtie2
Reason: Missing output files: 03-align/293T_SpRY_Cas9_1620_GSPplus_S76_S84_R2.UMI.ODN.trimmed.unmapped.fastq.gz, logs/293T_SpRY_Cas9_1620_GSPplus_S76_S84.UMI.ODN.trimmed.filtered.align.log, 03-align/293T_SpRY_Cas9_1620_GSPplus_S76_S84.UMI.ODN.trimmed.filtered.sam; Input files updated by another job: 02-filtering/293T_SpRY_Cas9_1620_GSPplus_S76_S84_R2.UMI.ODN.trimmed.filtered.fastq.gz, 02-filtering/293T_SpRY_Cas9_1620_GSPplus_S76_S84_R1.UMI.ODN.trimmed.filtered.fastq.gz
Activating conda environment: GENETHOFF
Select jobs to execute...
RuleException:
CalledProcessError in file "/home/tib163/research_code/GENETHOFF/spry-1620/../00-pipeline/genethOFF.snakemake", line 572:
Command 'source /n/app/conda/miniforge3/24.11.3-0/bin/activate 'GENETHOFF'; set -euo pipefail;  
                bowtie2 -p 6 --no-unal                   -I 100                   -X 1500                   --dovetail                   --no-mixed                   --no-discordant                   --un-conc-gz 03-align/293T_SpRY_Cas9_1620_GSPplus_S76_S84_R%.UMI.ODN.trimmed.unmapped.fastq.gz                     -x /n/data1/bch/hemonc/bauer/genomes/hg38.fa.fai                   -1 02-filtering/293T_SpRY_Cas9_1620_GSPplus_S76_S84_R1.UMI.ODN.trimmed.filtered.fastq.gz -2 02-filtering/293T_SpRY_Cas9_1620_GSPplus_S76_S84_R2.UMI.ODN.trimmed.filtered.fastq.gz -S 03-align/293T_SpRY_Cas9_1620_GSPplus_S76_S84.UMI.ODN.trimmed.filtered.sam 2> logs/293T_SpRY_Cas9_1620_GSPplus_S76_S84.UMI.ODN.trimmed.filtered.align.log' returned non-zero exit status 255.
[Tue Oct 21 15:15:44 2025]
Error in rule alignOnGenome:
    message: None
    jobid: 78
    input: 02-filtering/293T_SpRY_Cas9_1620_GSPplus_S76_S84_R1.UMI.ODN.trimmed.filtered.fastq.gz, 02-filtering/293T_SpRY_Cas9_1620_GSPplus_S76_S84_R2.UMI.ODN.trimmed.filtered.fastq.gz
    output: 03-align/293T_SpRY_Cas9_1620_GSPplus_S76_S84.UMI.ODN.trimmed.filtered.sam, 03-align/293T_SpRY_Cas9_1620_GSPplus_S76_S84_R2.UMI.ODN.trimmed.unmapped.fastq.gz
    log: logs/293T_SpRY_Cas9_1620_GSPplus_S76_S84.UMI.ODN.trimmed.filtered.align.log (check log file(s) for error details)
    conda-env: GENETHOFF
    shell:
        
                bowtie2 -p 6 --no-unal                   -I 100                   -X 1500                   --dovetail                   --no-mixed                   --no-discordant                   --un-conc-gz 03-align/293T_SpRY_Cas9_1620_GSPplus_S76_S84_R%.UMI.ODN.trimmed.unmapped.fastq.gz                     -x /n/data1/bch/hemonc/bauer/genomes/hg38.fa.fai                   -1 02-filtering/293T_SpRY_Cas9_1620_GSPplus_S76_S84_R1.UMI.ODN.trimmed.filtered.fastq.gz -2 02-filtering/293T_SpRY_Cas9_1620_GSPplus_S76_S84_R2.UMI.ODN.trimmed.filtered.fastq.gz -S 03-align/293T_SpRY_Cas9_1620_GSPplus_S76_S84.UMI.ODN.trimmed.filtered.sam 2> logs/293T_SpRY_Cas9_1620_GSPplus_S76_S84.UMI.ODN.trimmed.filtered.align.log
            
        (command exited with non-zero exit code)
Error in `dplyr::select()`:
! Can't select columns that don't exist.
✖ Column `gene_biotype` doesn't exist.
Backtrace:
     ▆
  1. ├─... %>% ...
  2. ├─dplyr::mutate(...)
  3. ├─dplyr::select(...)
  4. ├─dplyr:::select.data.frame(., gene_id, gene_name, transcript_id, gene_biotype, type)
  5. │ └─tidyselect::eval_select(expr(c(...)), data = .data, error_call = error_call)
  6. │   └─tidyselect:::eval_select_impl(...)
  7. │     ├─tidyselect:::with_subscript_errors(...)
  8. │     │ └─base::withCallingHandlers(...)
  9. │     └─tidyselect:::vars_select_eval(...)
 10. │       └─tidyselect:::walk_data_tree(expr, data_mask, context_mask)
 11. │         └─tidyselect:::eval_c(expr, data_mask, context_mask)
 12. │           └─tidyselect:::reduce_sels(node, data_mask, context_mask, init = init)
 13. │             └─tidyselect:::walk_data_tree(new, data_mask, context_mask)
 14. │               └─tidyselect:::as_indices_sel_impl(...)
 15. │                 └─tidyselect:::as_indices_impl(...)
 16. │                   └─tidyselect:::chr_as_locations(x, vars, call = call, arg = arg)
 17. │                     └─vctrs::vec_as_location(...)
 18. └─vctrs (local) `<fn>`()
 19.   └─vctrs:::stop_subscript_oob(...)
 20.     └─vctrs:::stop_subscript(...)
 21.       └─rlang::abort(...)
Execution halted
RuleException:
CalledProcessError in file "/home/tib163/research_code/GENETHOFF/spry-1620/../00-pipeline/genethOFF.snakemake", line 314:
Command 'source /n/app/conda/miniforge3/24.11.3-0/bin/activate 'GENETHOFF'; set -euo pipefail;  
        Rscript ../00-pipeline/prepare_annotations.R GRCh38 /home/tib163/research_offsite/ref_genome_info/gencode.v49.chr_patch_hapl_scaff.annotation.gtf' returned non-zero exit status 1.
[Tue Oct 21 15:16:18 2025]
Error in rule prepare_annotations:
    message: None
    jobid: 26
    input: /home/tib163/research_offsite/ref_genome_info/gencode.v49.chr_patch_hapl_scaff.annotation.gtf
    output: ../02-ressources/GRCh38.rds
    conda-env: GENETHOFF
    shell:
        
        Rscript ../00-pipeline/prepare_annotations.R GRCh38 /home/tib163/research_offsite/ref_genome_info/gencode.v49.chr_patch_hapl_scaff.annotation.gtf
    
        (command exited with non-zero exit code)
Shutting down, this might take some time.
Exiting because a job execution failed. Look below for error messages
[Tue Oct 21 15:16:18 2025]
Error in rule alignOnGenome:
    message: None
    jobid: 78
    input: 02-filtering/293T_SpRY_Cas9_1620_GSPplus_S76_S84_R1.UMI.ODN.trimmed.filtered.fastq.gz, 02-filtering/293T_SpRY_Cas9_1620_GSPplus_S76_S84_R2.UMI.ODN.trimmed.filtered.fastq.gz
    output: 03-align/293T_SpRY_Cas9_1620_GSPplus_S76_S84.UMI.ODN.trimmed.filtered.sam, 03-align/293T_SpRY_Cas9_1620_GSPplus_S76_S84_R2.UMI.ODN.trimmed.unmapped.fastq.gz
    log: logs/293T_SpRY_Cas9_1620_GSPplus_S76_S84.UMI.ODN.trimmed.filtered.align.log (check log file(s) for error details)
    conda-env: GENETHOFF
    shell:
        
                bowtie2 -p 6 --no-unal                   -I 100                   -X 1500                   --dovetail                   --no-mixed                   --no-discordant                   --un-conc-gz 03-align/293T_SpRY_Cas9_1620_GSPplus_S76_S84_R%.UMI.ODN.trimmed.unmapped.fastq.gz                     -x /n/data1/bch/hemonc/bauer/genomes/hg38.fa.fai                   -1 02-filtering/293T_SpRY_Cas9_1620_GSPplus_S76_S84_R1.UMI.ODN.trimmed.filtered.fastq.gz -2 02-filtering/293T_SpRY_Cas9_1620_GSPplus_S76_S84_R2.UMI.ODN.trimmed.filtered.fastq.gz -S 03-align/293T_SpRY_Cas9_1620_GSPplus_S76_S84.UMI.ODN.trimmed.filtered.sam 2> logs/293T_SpRY_Cas9_1620_GSPplus_S76_S84.UMI.ODN.trimmed.filtered.align.log
            
        (command exited with non-zero exit code)
[Tue Oct 21 15:16:18 2025]
Error in rule prepare_annotations:
    message: None
    jobid: 26
    input: /home/tib163/research_offsite/ref_genome_info/gencode.v49.chr_patch_hapl_scaff.annotation.gtf
    output: ../02-ressources/GRCh38.rds
    conda-env: GENETHOFF
    shell:
        
        Rscript ../00-pipeline/prepare_annotations.R GRCh38 /home/tib163/research_offsite/ref_genome_info/gencode.v49.chr_patch_hapl_scaff.annotation.gtf
    
        (command exited with non-zero exit code)
/usr/bin/bash: line 1: cowpy: command not found
Exception ignored in: <_io.TextIOWrapper name='<stdout>' mode='w' encoding='utf-8'>
BrokenPipeError: [Errno 32] Broken pipe
CalledProcessError in file "/home/tib163/research_code/GENETHOFF/spry-1620/../00-pipeline/genethOFF.snakemake", line 910:
Command 'set -euo pipefail;  conda run -n GENETHOFF echo 'Houston, we have a problem' | cowpy -e dead -c mutilated' returned non-zero exit status 127.
